<?xml version="1.0" encoding="utf-8"?><testsuites name="pytest tests"><testsuite name="pytest" errors="0" failures="0" skipped="0" tests="30" time="2.309" timestamp="2026-04-29T01:09:38.605344+00:00" hostname="agent-env-b0cf5773-a132-4dc8-87e1-232f0e73e6d8"><testcase classname="backend.tests.test_admin_endpoints" name="test_admin_list_no_token_returns_401" time="0.239" /><testcase classname="backend.tests.test_admin_endpoints" name="test_admin_list_wrong_token_returns_401" time="0.048" /><testcase classname="backend.tests.test_admin_endpoints" name="test_admin_list_basic_auth_scheme_returns_401" time="0.052" /><testcase classname="backend.tests.test_admin_endpoints" name="test_admin_delete_no_token_returns_401" time="0.048" /><testcase classname="backend.tests.test_admin_endpoints" name="test_admin_list_returns_array" time="0.048" /><testcase classname="backend.tests.test_admin_endpoints" name="test_admin_list_filter_by_name" time="0.115" /><testcase classname="backend.tests.test_admin_endpoints" name="test_admin_list_filter_min_score" time="0.060" /><testcase classname="backend.tests.test_admin_endpoints" name="test_admin_delete_round_trip" time="0.139" /><testcase classname="backend.tests.test_admin_endpoints" name="test_admin_delete_unknown_id_returns_404" time="0.046" /><testcase classname="backend.tests.test_admin_endpoints" name="test_admin_list_limit_bounds" time="0.051" /><testcase classname="backend.tests.test_gravshift_api.TestHealth" name="test_root_returns_greeting" time="0.152" /><testcase classname="backend.tests.test_gravshift_api.TestSubmitScore" name="test_submit_valid_score" time="0.050" /><testcase classname="backend.tests.test_gravshift_api.TestSubmitScore" name="test_submit_score_persists_in_get" time="0.101" /><testcase classname="backend.tests.test_gravshift_api.TestSubmitScore" name="test_name_normalization_lowercase_to_upper" time="0.051" /><testcase classname="backend.tests.test_gravshift_api.TestSubmitScore" name="test_name_normalization_strips_disallowed_chars" time="0.047" /><testcase classname="backend.tests.test_gravshift_api.TestSubmitScore" name="test_name_normalization_truncates_to_12" time="0.051" /><testcase classname="backend.tests.test_gravshift_api.TestSubmitScore" name="test_reject_empty_name" time="0.053" /><testcase classname="backend.tests.test_gravshift_api.TestSubmitScore" name="test_reject_whitespace_only_name" time="0.050" /><testcase classname="backend.tests.test_gravshift_api.TestSubmitScore" name="test_reject_only_disallowed_chars" time="0.050" /><testcase classname="backend.tests.test_gravshift_api.TestSubmitScore" name="test_reject_negative_score" time="0.048" /><testcase classname="backend.tests.test_gravshift_api.TestSubmitScore" name="test_reject_absurdly_large_score" time="0.059" /><testcase classname="backend.tests.test_gravshift_api.TestListScores" name="test_list_default" time="0.050" /><testcase classname="backend.tests.test_gravshift_api.TestListScores" name="test_list_sorted_desc_by_score" time="0.200" /><testcase classname="backend.tests.test_gravshift_api.TestListScores" name="test_limit_param_respected" time="0.058" /><testcase classname="backend.tests.test_gravshift_api.TestListScores" name="test_limit_clamped_low" time="0.050" /><testcase classname="backend.tests.test_gravshift_api.TestListScores" name="test_limit_clamped_high" time="0.050" /><testcase classname="backend.tests.test_gravshift_api.TestRank" name="test_rank_returns_expected_keys" time="0.048" /><testcase classname="backend.tests.test_gravshift_api.TestRank" name="test_rank_zero_is_lowest" time="0.053" /><testcase classname="backend.tests.test_gravshift_api.TestRank" name="test_rank_huge_is_first" time="0.052" /><testcase classname="backend.tests.test_gravshift_api.TestNoIdLeakage" name="test_status_endpoint_no_id" time="0.102" /></testsuite></testsuites>